{"C:\\Users\\scary\\Desktop\\Github\\Grocery_Tracker_API\\src\\app.js": {"path":"C:\\Users\\scary\\Desktop\\Github\\Grocery_Tracker_API\\src\\app.js","statementMap":{"0":{"start":{"line":2,"column":45},"end":{"line":2,"column":63}},"1":{"start":{"line":4,"column":13},"end":{"line":4,"column":28}},"2":{"start":{"line":5,"column":12},"end":{"line":5,"column":31}},"3":{"start":{"line":6,"column":13},"end":{"line":6,"column":17}},"4":{"start":{"line":9,"column":18},"end":{"line":9,"column":20}},"5":{"start":{"line":22,"column":2},"end":{"line":22,"column":39}},"6":{"start":{"line":22,"column":26},"end":{"line":22,"column":39}},"7":{"start":{"line":24,"column":2},"end":{"line":33,"column":3}},"8":{"start":{"line":25,"column":4},"end":{"line":32,"column":5}},"9":{"start":{"line":26,"column":6},"end":{"line":26,"column":70}},"10":{"start":{"line":27,"column":6},"end":{"line":27,"column":73}},"11":{"start":{"line":27,"column":33},"end":{"line":27,"column":73}},"12":{"start":{"line":28,"column":6},"end":{"line":28,"column":64}},"13":{"start":{"line":28,"column":30},"end":{"line":28,"column":64}},"14":{"start":{"line":29,"column":6},"end":{"line":29,"column":67}},"15":{"start":{"line":29,"column":31},"end":{"line":29,"column":67}},"16":{"start":{"line":30,"column":6},"end":{"line":30,"column":70}},"17":{"start":{"line":31,"column":6},"end":{"line":31,"column":18}},"18":{"start":{"line":35,"column":2},"end":{"line":35,"column":15}},"19":{"start":{"line":38,"column":18},"end":{"line":38,"column":36}},"20":{"start":{"line":40,"column":2},"end":{"line":42,"column":5}},"21":{"start":{"line":41,"column":4},"end":{"line":41,"column":41}},"22":{"start":{"line":45,"column":2},"end":{"line":49,"column":3}},"23":{"start":{"line":46,"column":4},"end":{"line":46,"column":17}},"24":{"start":{"line":48,"column":4},"end":{"line":48,"column":16}},"25":{"start":{"line":52,"column":15},"end":{"line":64,"column":2}},"26":{"start":{"line":57,"column":6},"end":{"line":57,"column":51}},"27":{"start":{"line":67,"column":2},"end":{"line":67,"column":37}},"28":{"start":{"line":71,"column":2},"end":{"line":71,"column":29}},"29":{"start":{"line":73,"column":15},"end":{"line":167,"column":2}},"30":{"start":{"line":75,"column":2},"end":{"line":166,"column":3}},"31":{"start":{"line":76,"column":4},"end":{"line":76,"column":34}},"32":{"start":{"line":77,"column":4},"end":{"line":77,"column":63}},"33":{"start":{"line":78,"column":4},"end":{"line":78,"column":36}},"34":{"start":{"line":80,"column":9},"end":{"line":166,"column":3}},"35":{"start":{"line":81,"column":15},"end":{"line":81,"column":17}},"36":{"start":{"line":83,"column":4},"end":{"line":85,"column":7}},"37":{"start":{"line":84,"column":6},"end":{"line":84,"column":20}},"38":{"start":{"line":87,"column":4},"end":{"line":95,"column":7}},"39":{"start":{"line":88,"column":19},"end":{"line":88,"column":35}},"40":{"start":{"line":89,"column":6},"end":{"line":89,"column":28}},"41":{"start":{"line":91,"column":6},"end":{"line":91,"column":70}},"42":{"start":{"line":93,"column":6},"end":{"line":93,"column":65}},"43":{"start":{"line":94,"column":6},"end":{"line":94,"column":77}},"44":{"start":{"line":97,"column":9},"end":{"line":166,"column":3}},"45":{"start":{"line":98,"column":15},"end":{"line":98,"column":17}},"46":{"start":{"line":101,"column":4},"end":{"line":103,"column":7}},"47":{"start":{"line":102,"column":6},"end":{"line":102,"column":20}},"48":{"start":{"line":105,"column":4},"end":{"line":133,"column":7}},"49":{"start":{"line":106,"column":25},"end":{"line":106,"column":41}},"50":{"start":{"line":108,"column":6},"end":{"line":132,"column":7}},"51":{"start":{"line":109,"column":8},"end":{"line":109,"column":61}},"52":{"start":{"line":110,"column":8},"end":{"line":110,"column":67}},"53":{"start":{"line":111,"column":8},"end":{"line":111,"column":77}},"54":{"start":{"line":113,"column":8},"end":{"line":115,"column":10}},"55":{"start":{"line":116,"column":8},"end":{"line":116,"column":67}},"56":{"start":{"line":117,"column":8},"end":{"line":131,"column":10}},"57":{"start":{"line":135,"column":9},"end":{"line":166,"column":3}},"58":{"start":{"line":136,"column":23},"end":{"line":136,"column":47}},"59":{"start":{"line":138,"column":23},"end":{"line":138,"column":54}},"60":{"start":{"line":139,"column":17},"end":{"line":139,"column":39}},"61":{"start":{"line":140,"column":4},"end":{"line":165,"column":5}},"62":{"start":{"line":141,"column":6},"end":{"line":153,"column":7}},"63":{"start":{"line":142,"column":8},"end":{"line":142,"column":50}},"64":{"start":{"line":143,"column":8},"end":{"line":143,"column":67}},"65":{"start":{"line":144,"column":8},"end":{"line":144,"column":78}},"66":{"start":{"line":146,"column":8},"end":{"line":146,"column":61}},"67":{"start":{"line":147,"column":8},"end":{"line":147,"column":71}},"68":{"start":{"line":148,"column":8},"end":{"line":152,"column":10}},"69":{"start":{"line":155,"column":6},"end":{"line":155,"column":59}},"70":{"start":{"line":156,"column":6},"end":{"line":156,"column":64}},"71":{"start":{"line":157,"column":6},"end":{"line":164,"column":8}},"72":{"start":{"line":169,"column":21},"end":{"line":171,"column":2}},"73":{"start":{"line":170,"column":2},"end":{"line":170,"column":65}},"74":{"start":{"line":175,"column":0},"end":{"line":181,"column":2}}},"fnMap":{"0":{"name":"editGrocery","decl":{"start":{"line":20,"column":9},"end":{"line":20,"column":20}},"loc":{"start":{"line":20,"column":30},"end":{"line":36,"column":1}},"line":20},"1":{"name":"deleteItemInGrocery","decl":{"start":{"line":37,"column":9},"end":{"line":37,"column":28}},"loc":{"start":{"line":37,"column":39},"end":{"line":50,"column":1}},"line":37},"2":{"name":"(anonymous_2)","decl":{"start":{"line":40,"column":35},"end":{"line":40,"column":36}},"loc":{"start":{"line":40,"column":52},"end":{"line":42,"column":3}},"line":40},"3":{"name":"(anonymous_3)","decl":{"start":{"line":56,"column":18},"end":{"line":56,"column":19}},"loc":{"start":{"line":56,"column":53},"end":{"line":58,"column":5}},"line":56},"4":{"name":"getReturn","decl":{"start":{"line":66,"column":9},"end":{"line":66,"column":18}},"loc":{"start":{"line":66,"column":32},"end":{"line":68,"column":1}},"line":66},"5":{"name":"pushGroceryList","decl":{"start":{"line":70,"column":9},"end":{"line":70,"column":24}},"loc":{"start":{"line":70,"column":35},"end":{"line":72,"column":1}},"line":70},"6":{"name":"(anonymous_6)","decl":{"start":{"line":73,"column":33},"end":{"line":73,"column":34}},"loc":{"start":{"line":73,"column":47},"end":{"line":167,"column":1}},"line":73},"7":{"name":"(anonymous_7)","decl":{"start":{"line":83,"column":19},"end":{"line":83,"column":20}},"loc":{"start":{"line":83,"column":30},"end":{"line":85,"column":5}},"line":83},"8":{"name":"(anonymous_8)","decl":{"start":{"line":87,"column":18},"end":{"line":87,"column":19}},"loc":{"start":{"line":87,"column":24},"end":{"line":95,"column":5}},"line":87},"9":{"name":"(anonymous_9)","decl":{"start":{"line":101,"column":19},"end":{"line":101,"column":20}},"loc":{"start":{"line":101,"column":30},"end":{"line":103,"column":5}},"line":101},"10":{"name":"(anonymous_10)","decl":{"start":{"line":105,"column":18},"end":{"line":105,"column":19}},"loc":{"start":{"line":105,"column":24},"end":{"line":133,"column":5}},"line":105},"11":{"name":"(anonymous_11)","decl":{"start":{"line":169,"column":41},"end":{"line":169,"column":42}},"loc":{"start":{"line":169,"column":47},"end":{"line":171,"column":1}},"line":169}},"branchMap":{"0":{"loc":{"start":{"line":22,"column":2},"end":{"line":22,"column":39}},"type":"if","locations":[{"start":{"line":22,"column":2},"end":{"line":22,"column":39}},{"start":{},"end":{}}],"line":22},"1":{"loc":{"start":{"line":25,"column":4},"end":{"line":32,"column":5}},"type":"if","locations":[{"start":{"line":25,"column":4},"end":{"line":32,"column":5}},{"start":{},"end":{}}],"line":25},"2":{"loc":{"start":{"line":27,"column":6},"end":{"line":27,"column":73}},"type":"if","locations":[{"start":{"line":27,"column":6},"end":{"line":27,"column":73}},{"start":{},"end":{}}],"line":27},"3":{"loc":{"start":{"line":28,"column":6},"end":{"line":28,"column":64}},"type":"if","locations":[{"start":{"line":28,"column":6},"end":{"line":28,"column":64}},{"start":{},"end":{}}],"line":28},"4":{"loc":{"start":{"line":29,"column":6},"end":{"line":29,"column":67}},"type":"if","locations":[{"start":{"line":29,"column":6},"end":{"line":29,"column":67}},{"start":{},"end":{}}],"line":29},"5":{"loc":{"start":{"line":45,"column":2},"end":{"line":49,"column":3}},"type":"if","locations":[{"start":{"line":45,"column":2},"end":{"line":49,"column":3}},{"start":{"line":47,"column":9},"end":{"line":49,"column":3}}],"line":45},"6":{"loc":{"start":{"line":75,"column":2},"end":{"line":166,"column":3}},"type":"if","locations":[{"start":{"line":75,"column":2},"end":{"line":166,"column":3}},{"start":{"line":80,"column":9},"end":{"line":166,"column":3}}],"line":75},"7":{"loc":{"start":{"line":75,"column":6},"end":{"line":75,"column":61}},"type":"binary-expr","locations":[{"start":{"line":75,"column":6},"end":{"line":75,"column":26}},{"start":{"line":75,"column":30},"end":{"line":75,"column":61}}],"line":75},"8":{"loc":{"start":{"line":80,"column":9},"end":{"line":166,"column":3}},"type":"if","locations":[{"start":{"line":80,"column":9},"end":{"line":166,"column":3}},{"start":{"line":97,"column":9},"end":{"line":166,"column":3}}],"line":80},"9":{"loc":{"start":{"line":80,"column":13},"end":{"line":80,"column":68}},"type":"binary-expr","locations":[{"start":{"line":80,"column":13},"end":{"line":80,"column":34}},{"start":{"line":80,"column":38},"end":{"line":80,"column":68}}],"line":80},"10":{"loc":{"start":{"line":97,"column":9},"end":{"line":166,"column":3}},"type":"if","locations":[{"start":{"line":97,"column":9},"end":{"line":166,"column":3}},{"start":{"line":135,"column":9},"end":{"line":166,"column":3}}],"line":97},"11":{"loc":{"start":{"line":97,"column":13},"end":{"line":97,"column":68}},"type":"binary-expr","locations":[{"start":{"line":97,"column":13},"end":{"line":97,"column":33}},{"start":{"line":97,"column":37},"end":{"line":97,"column":68}}],"line":97},"12":{"loc":{"start":{"line":108,"column":6},"end":{"line":132,"column":7}},"type":"if","locations":[{"start":{"line":108,"column":6},"end":{"line":132,"column":7}},{"start":{"line":112,"column":13},"end":{"line":132,"column":7}}],"line":108},"13":{"loc":{"start":{"line":135,"column":9},"end":{"line":166,"column":3}},"type":"if","locations":[{"start":{"line":135,"column":9},"end":{"line":166,"column":3}},{"start":{},"end":{}}],"line":135},"14":{"loc":{"start":{"line":140,"column":4},"end":{"line":165,"column":5}},"type":"if","locations":[{"start":{"line":140,"column":4},"end":{"line":165,"column":5}},{"start":{"line":154,"column":11},"end":{"line":165,"column":5}}],"line":140},"15":{"loc":{"start":{"line":141,"column":6},"end":{"line":153,"column":7}},"type":"if","locations":[{"start":{"line":141,"column":6},"end":{"line":153,"column":7}},{"start":{"line":145,"column":13},"end":{"line":153,"column":7}}],"line":141}},"s":{"0":1,"1":1,"2":1,"3":1,"4":1,"5":2,"6":0,"7":2,"8":2,"9":1,"10":1,"11":1,"12":1,"13":1,"14":1,"15":1,"16":1,"17":1,"18":1,"19":2,"20":2,"21":2,"22":2,"23":1,"24":1,"25":1,"26":2,"27":1,"28":5,"29":1,"30":0,"31":0,"32":0,"33":0,"34":0,"35":0,"36":0,"37":0,"38":0,"39":0,"40":0,"41":0,"42":0,"43":0,"44":0,"45":0,"46":0,"47":0,"48":0,"49":0,"50":0,"51":0,"52":0,"53":0,"54":0,"55":0,"56":0,"57":0,"58":0,"59":0,"60":0,"61":0,"62":0,"63":0,"64":0,"65":0,"66":0,"67":0,"68":0,"69":0,"70":0,"71":0,"72":1,"73":0,"74":1},"f":{"0":2,"1":2,"2":2,"3":2,"4":1,"5":5,"6":0,"7":0,"8":0,"9":0,"10":0,"11":0},"b":{"0":[0,2],"1":[1,1],"2":[1,0],"3":[1,0],"4":[1,0],"5":[1,1],"6":[0,0],"7":[0,0],"8":[0,0],"9":[0,0],"10":[0,0],"11":[0,0],"12":[0,0],"13":[0,0],"14":[0,0],"15":[0,0]},"_coverageSchema":"1a1c01bbd47fc00a2c39e90264f33305004495a9","hash":"7b353b9806a0c0055cfbce731b8519d1938ca4ea"}
}
