{"C:\\Users\\scary\\Desktop\\Github\\Grocery_Tracker_API\\src\\app.js": {"path":"C:\\Users\\scary\\Desktop\\Github\\Grocery_Tracker_API\\src\\app.js","statementMap":{"0":{"start":{"line":2,"column":45},"end":{"line":2,"column":63}},"1":{"start":{"line":4,"column":13},"end":{"line":4,"column":28}},"2":{"start":{"line":5,"column":12},"end":{"line":5,"column":31}},"3":{"start":{"line":6,"column":13},"end":{"line":6,"column":17}},"4":{"start":{"line":9,"column":18},"end":{"line":9,"column":20}},"5":{"start":{"line":21,"column":2},"end":{"line":21,"column":39}},"6":{"start":{"line":21,"column":26},"end":{"line":21,"column":39}},"7":{"start":{"line":23,"column":2},"end":{"line":32,"column":3}},"8":{"start":{"line":24,"column":4},"end":{"line":31,"column":5}},"9":{"start":{"line":25,"column":6},"end":{"line":25,"column":70}},"10":{"start":{"line":26,"column":6},"end":{"line":26,"column":73}},"11":{"start":{"line":26,"column":33},"end":{"line":26,"column":73}},"12":{"start":{"line":27,"column":6},"end":{"line":27,"column":64}},"13":{"start":{"line":27,"column":30},"end":{"line":27,"column":64}},"14":{"start":{"line":28,"column":6},"end":{"line":28,"column":67}},"15":{"start":{"line":28,"column":31},"end":{"line":28,"column":67}},"16":{"start":{"line":29,"column":6},"end":{"line":29,"column":70}},"17":{"start":{"line":30,"column":6},"end":{"line":30,"column":18}},"18":{"start":{"line":34,"column":2},"end":{"line":34,"column":15}},"19":{"start":{"line":37,"column":18},"end":{"line":37,"column":36}},"20":{"start":{"line":38,"column":2},"end":{"line":40,"column":5}},"21":{"start":{"line":39,"column":4},"end":{"line":39,"column":41}},"22":{"start":{"line":42,"column":2},"end":{"line":46,"column":3}},"23":{"start":{"line":43,"column":4},"end":{"line":43,"column":17}},"24":{"start":{"line":45,"column":4},"end":{"line":45,"column":16}},"25":{"start":{"line":49,"column":15},"end":{"line":61,"column":2}},"26":{"start":{"line":54,"column":6},"end":{"line":54,"column":51}},"27":{"start":{"line":63,"column":15},"end":{"line":157,"column":2}},"28":{"start":{"line":65,"column":2},"end":{"line":156,"column":3}},"29":{"start":{"line":66,"column":4},"end":{"line":66,"column":34}},"30":{"start":{"line":67,"column":4},"end":{"line":67,"column":63}},"31":{"start":{"line":68,"column":4},"end":{"line":68,"column":41}},"32":{"start":{"line":70,"column":9},"end":{"line":156,"column":3}},"33":{"start":{"line":71,"column":15},"end":{"line":71,"column":17}},"34":{"start":{"line":73,"column":4},"end":{"line":75,"column":7}},"35":{"start":{"line":74,"column":6},"end":{"line":74,"column":20}},"36":{"start":{"line":77,"column":4},"end":{"line":85,"column":7}},"37":{"start":{"line":78,"column":19},"end":{"line":78,"column":35}},"38":{"start":{"line":79,"column":6},"end":{"line":79,"column":29}},"39":{"start":{"line":81,"column":6},"end":{"line":81,"column":70}},"40":{"start":{"line":83,"column":6},"end":{"line":83,"column":65}},"41":{"start":{"line":84,"column":6},"end":{"line":84,"column":77}},"42":{"start":{"line":87,"column":9},"end":{"line":156,"column":3}},"43":{"start":{"line":88,"column":15},"end":{"line":88,"column":17}},"44":{"start":{"line":91,"column":4},"end":{"line":93,"column":7}},"45":{"start":{"line":92,"column":6},"end":{"line":92,"column":20}},"46":{"start":{"line":95,"column":4},"end":{"line":123,"column":7}},"47":{"start":{"line":96,"column":25},"end":{"line":96,"column":41}},"48":{"start":{"line":98,"column":6},"end":{"line":122,"column":7}},"49":{"start":{"line":99,"column":8},"end":{"line":99,"column":61}},"50":{"start":{"line":100,"column":8},"end":{"line":100,"column":67}},"51":{"start":{"line":101,"column":8},"end":{"line":101,"column":77}},"52":{"start":{"line":103,"column":8},"end":{"line":105,"column":10}},"53":{"start":{"line":106,"column":8},"end":{"line":106,"column":67}},"54":{"start":{"line":107,"column":8},"end":{"line":121,"column":10}},"55":{"start":{"line":125,"column":9},"end":{"line":156,"column":3}},"56":{"start":{"line":126,"column":23},"end":{"line":126,"column":47}},"57":{"start":{"line":128,"column":23},"end":{"line":128,"column":54}},"58":{"start":{"line":129,"column":17},"end":{"line":129,"column":39}},"59":{"start":{"line":130,"column":4},"end":{"line":155,"column":5}},"60":{"start":{"line":131,"column":6},"end":{"line":143,"column":7}},"61":{"start":{"line":132,"column":8},"end":{"line":132,"column":50}},"62":{"start":{"line":133,"column":8},"end":{"line":133,"column":67}},"63":{"start":{"line":134,"column":8},"end":{"line":134,"column":78}},"64":{"start":{"line":136,"column":8},"end":{"line":136,"column":61}},"65":{"start":{"line":137,"column":8},"end":{"line":137,"column":71}},"66":{"start":{"line":138,"column":8},"end":{"line":142,"column":10}},"67":{"start":{"line":145,"column":6},"end":{"line":145,"column":59}},"68":{"start":{"line":146,"column":6},"end":{"line":146,"column":64}},"69":{"start":{"line":147,"column":6},"end":{"line":154,"column":8}},"70":{"start":{"line":159,"column":21},"end":{"line":161,"column":2}},"71":{"start":{"line":160,"column":2},"end":{"line":160,"column":65}},"72":{"start":{"line":163,"column":0},"end":{"line":163,"column":30}}},"fnMap":{"0":{"name":"editGrocery","decl":{"start":{"line":19,"column":9},"end":{"line":19,"column":20}},"loc":{"start":{"line":19,"column":30},"end":{"line":35,"column":1}},"line":19},"1":{"name":"deleteItemInGrocery","decl":{"start":{"line":36,"column":9},"end":{"line":36,"column":28}},"loc":{"start":{"line":36,"column":39},"end":{"line":47,"column":1}},"line":36},"2":{"name":"(anonymous_2)","decl":{"start":{"line":38,"column":35},"end":{"line":38,"column":36}},"loc":{"start":{"line":38,"column":52},"end":{"line":40,"column":3}},"line":38},"3":{"name":"(anonymous_3)","decl":{"start":{"line":53,"column":18},"end":{"line":53,"column":19}},"loc":{"start":{"line":53,"column":53},"end":{"line":55,"column":5}},"line":53},"4":{"name":"(anonymous_4)","decl":{"start":{"line":63,"column":33},"end":{"line":63,"column":34}},"loc":{"start":{"line":63,"column":47},"end":{"line":157,"column":1}},"line":63},"5":{"name":"(anonymous_5)","decl":{"start":{"line":73,"column":19},"end":{"line":73,"column":20}},"loc":{"start":{"line":73,"column":30},"end":{"line":75,"column":5}},"line":73},"6":{"name":"(anonymous_6)","decl":{"start":{"line":77,"column":18},"end":{"line":77,"column":19}},"loc":{"start":{"line":77,"column":24},"end":{"line":85,"column":5}},"line":77},"7":{"name":"(anonymous_7)","decl":{"start":{"line":91,"column":19},"end":{"line":91,"column":20}},"loc":{"start":{"line":91,"column":30},"end":{"line":93,"column":5}},"line":91},"8":{"name":"(anonymous_8)","decl":{"start":{"line":95,"column":18},"end":{"line":95,"column":19}},"loc":{"start":{"line":95,"column":24},"end":{"line":123,"column":5}},"line":95},"9":{"name":"(anonymous_9)","decl":{"start":{"line":159,"column":41},"end":{"line":159,"column":42}},"loc":{"start":{"line":159,"column":47},"end":{"line":161,"column":1}},"line":159}},"branchMap":{"0":{"loc":{"start":{"line":21,"column":2},"end":{"line":21,"column":39}},"type":"if","locations":[{"start":{"line":21,"column":2},"end":{"line":21,"column":39}},{"start":{},"end":{}}],"line":21},"1":{"loc":{"start":{"line":24,"column":4},"end":{"line":31,"column":5}},"type":"if","locations":[{"start":{"line":24,"column":4},"end":{"line":31,"column":5}},{"start":{},"end":{}}],"line":24},"2":{"loc":{"start":{"line":26,"column":6},"end":{"line":26,"column":73}},"type":"if","locations":[{"start":{"line":26,"column":6},"end":{"line":26,"column":73}},{"start":{},"end":{}}],"line":26},"3":{"loc":{"start":{"line":27,"column":6},"end":{"line":27,"column":64}},"type":"if","locations":[{"start":{"line":27,"column":6},"end":{"line":27,"column":64}},{"start":{},"end":{}}],"line":27},"4":{"loc":{"start":{"line":28,"column":6},"end":{"line":28,"column":67}},"type":"if","locations":[{"start":{"line":28,"column":6},"end":{"line":28,"column":67}},{"start":{},"end":{}}],"line":28},"5":{"loc":{"start":{"line":42,"column":2},"end":{"line":46,"column":3}},"type":"if","locations":[{"start":{"line":42,"column":2},"end":{"line":46,"column":3}},{"start":{"line":44,"column":9},"end":{"line":46,"column":3}}],"line":42},"6":{"loc":{"start":{"line":65,"column":2},"end":{"line":156,"column":3}},"type":"if","locations":[{"start":{"line":65,"column":2},"end":{"line":156,"column":3}},{"start":{"line":70,"column":9},"end":{"line":156,"column":3}}],"line":65},"7":{"loc":{"start":{"line":65,"column":6},"end":{"line":65,"column":61}},"type":"binary-expr","locations":[{"start":{"line":65,"column":6},"end":{"line":65,"column":26}},{"start":{"line":65,"column":30},"end":{"line":65,"column":61}}],"line":65},"8":{"loc":{"start":{"line":70,"column":9},"end":{"line":156,"column":3}},"type":"if","locations":[{"start":{"line":70,"column":9},"end":{"line":156,"column":3}},{"start":{"line":87,"column":9},"end":{"line":156,"column":3}}],"line":70},"9":{"loc":{"start":{"line":70,"column":13},"end":{"line":70,"column":68}},"type":"binary-expr","locations":[{"start":{"line":70,"column":13},"end":{"line":70,"column":34}},{"start":{"line":70,"column":38},"end":{"line":70,"column":68}}],"line":70},"10":{"loc":{"start":{"line":87,"column":9},"end":{"line":156,"column":3}},"type":"if","locations":[{"start":{"line":87,"column":9},"end":{"line":156,"column":3}},{"start":{"line":125,"column":9},"end":{"line":156,"column":3}}],"line":87},"11":{"loc":{"start":{"line":87,"column":13},"end":{"line":87,"column":68}},"type":"binary-expr","locations":[{"start":{"line":87,"column":13},"end":{"line":87,"column":33}},{"start":{"line":87,"column":37},"end":{"line":87,"column":68}}],"line":87},"12":{"loc":{"start":{"line":98,"column":6},"end":{"line":122,"column":7}},"type":"if","locations":[{"start":{"line":98,"column":6},"end":{"line":122,"column":7}},{"start":{"line":102,"column":13},"end":{"line":122,"column":7}}],"line":98},"13":{"loc":{"start":{"line":125,"column":9},"end":{"line":156,"column":3}},"type":"if","locations":[{"start":{"line":125,"column":9},"end":{"line":156,"column":3}},{"start":{},"end":{}}],"line":125},"14":{"loc":{"start":{"line":130,"column":4},"end":{"line":155,"column":5}},"type":"if","locations":[{"start":{"line":130,"column":4},"end":{"line":155,"column":5}},{"start":{"line":144,"column":11},"end":{"line":155,"column":5}}],"line":130},"15":{"loc":{"start":{"line":131,"column":6},"end":{"line":143,"column":7}},"type":"if","locations":[{"start":{"line":131,"column":6},"end":{"line":143,"column":7}},{"start":{"line":135,"column":13},"end":{"line":143,"column":7}}],"line":131}},"s":{"0":1,"1":1,"2":1,"3":1,"4":1,"5":2,"6":0,"7":2,"8":2,"9":1,"10":1,"11":1,"12":1,"13":1,"14":1,"15":1,"16":1,"17":1,"18":1,"19":4,"20":4,"21":3,"22":4,"23":1,"24":3,"25":1,"26":18,"27":1,"28":16,"29":6,"30":6,"31":6,"32":10,"33":3,"34":3,"35":3,"36":3,"37":3,"38":3,"39":3,"40":3,"41":3,"42":7,"43":2,"44":2,"45":2,"46":2,"47":2,"48":2,"49":1,"50":1,"51":1,"52":1,"53":1,"54":1,"55":5,"56":5,"57":5,"58":5,"59":5,"60":4,"61":3,"62":3,"63":3,"64":1,"65":1,"66":1,"67":1,"68":1,"69":1,"70":1,"71":1,"72":1},"f":{"0":2,"1":4,"2":3,"3":18,"4":16,"5":3,"6":3,"7":2,"8":2,"9":1},"b":{"0":[0,2],"1":[1,1],"2":[1,0],"3":[1,0],"4":[1,0],"5":[1,3],"6":[6,10],"7":[16,6],"8":[3,7],"9":[10,3],"10":[2,5],"11":[7,2],"12":[1,1],"13":[5,0],"14":[4,1],"15":[3,1]},"_coverageSchema":"1a1c01bbd47fc00a2c39e90264f33305004495a9","hash":"697599364a6cc7cc84b3fe8255a37c2ca45bb0b9"}
}
