TN:
SF:src\app.js
FN:19,editGrocery
FN:36,deleteItemInGrocery
FN:38,(anonymous_2)
FN:53,(anonymous_3)
FN:63,(anonymous_4)
FN:73,(anonymous_5)
FN:77,(anonymous_6)
FN:91,(anonymous_7)
FN:95,(anonymous_8)
FN:159,(anonymous_9)
FNF:10
FNH:10
FNDA:1,editGrocery
FNDA:4,deleteItemInGrocery
FNDA:3,(anonymous_2)
FNDA:16,(anonymous_3)
FNDA:14,(anonymous_4)
FNDA:3,(anonymous_5)
FNDA:3,(anonymous_6)
FNDA:1,(anonymous_7)
FNDA:1,(anonymous_8)
FNDA:1,(anonymous_9)
DA:2,1
DA:4,1
DA:5,1
DA:6,1
DA:9,1
DA:21,1
DA:23,1
DA:24,1
DA:25,1
DA:26,1
DA:27,1
DA:28,1
DA:29,1
DA:30,1
DA:34,0
DA:37,4
DA:38,4
DA:39,3
DA:42,4
DA:43,1
DA:45,3
DA:49,1
DA:54,16
DA:63,1
DA:65,14
DA:66,5
DA:67,5
DA:68,5
DA:70,9
DA:71,3
DA:73,3
DA:74,3
DA:77,3
DA:78,3
DA:79,3
DA:81,3
DA:83,3
DA:84,3
DA:87,6
DA:88,1
DA:91,1
DA:92,1
DA:95,1
DA:96,1
DA:98,1
DA:99,1
DA:100,1
DA:101,1
DA:103,0
DA:106,0
DA:107,0
DA:125,5
DA:126,5
DA:128,5
DA:129,5
DA:130,5
DA:131,4
DA:132,3
DA:133,3
DA:134,3
DA:136,1
DA:137,1
DA:138,1
DA:145,1
DA:146,1
DA:147,1
DA:159,1
DA:160,1
DA:163,1
LF:69
LH:65
BRDA:21,0,0,0
BRDA:21,0,1,1
BRDA:24,1,0,1
BRDA:24,1,1,0
BRDA:26,2,0,1
BRDA:26,2,1,0
BRDA:27,3,0,1
BRDA:27,3,1,0
BRDA:28,4,0,1
BRDA:28,4,1,0
BRDA:42,5,0,1
BRDA:42,5,1,3
BRDA:65,6,0,5
BRDA:65,6,1,9
BRDA:65,7,0,14
BRDA:65,7,1,5
BRDA:70,8,0,3
BRDA:70,8,1,6
BRDA:70,9,0,9
BRDA:70,9,1,3
BRDA:87,10,0,1
BRDA:87,10,1,5
BRDA:87,11,0,6
BRDA:87,11,1,1
BRDA:98,12,0,1
BRDA:98,12,1,0
BRDA:125,13,0,5
BRDA:125,13,1,0
BRDA:130,14,0,4
BRDA:130,14,1,1
BRDA:131,15,0,3
BRDA:131,15,1,1
BRF:32
BRH:25
end_of_record
